<?xml version="1.0" encoding="UTF-8"?>
<!-- Generated by org.testng.reporters.JUnitReportReporter -->
<testsuite hostname="LAPTOP-NDDB1313" failures="0" tests="1" name="smoke.OrangeHRMLogin" time="6.707" errors="0" timestamp="2025-08-05T21:15:58 IST" skipped="0">
  <testcase classname="smoke.OrangeHRMLogin" name="orangeHRM_verifyTheLoginFunctionality" time="6.707"/>
</testsuite> <!-- smoke.OrangeHRMLogin -->
